2022-09-22 08:18:35,663 [INFO] Activator:177 - 


2022-09-22 08:18:35,664 [INFO] Activator:178 - !SESSION log4j initialized
2022-09-22 08:33:00,973 [INFO] McuFinderGlobals:39 - Set McuFinder mode to 2 (CubeIDE integrated)
2022-09-22 08:33:02,606 [INFO] ApplicationProperties:181 - Using Application install path: D:\ST\STM32CubeIDE_1.7.0\STM32CubeIDE\plugins\com.st.stm32cube.common.mx_6.3.0.202107141111
2022-09-22 08:33:02,619 [INFO] DbMcusXml:74 - Set database path to: D:\ST\STM32CubeIDE_1.7.0\STM32CubeIDE\plugins\com.st.stm32cube.common.mx_6.3.0.202107141111\\db\/mcu/
2022-09-22 08:33:02,623 [INFO] DbBoardsPdsc:56 - Set plugin database path to: D:\ST\STM32CubeIDE_1.7.0\STM32CubeIDE\plugins\com.st.stm32cube.common.mx_6.3.0.202107141111\\db\/plugins/boardmanager/
2022-09-22 08:33:02,623 [INFO] DbMcus:258 - Set plugin images path to: D:\ST\STM32CubeIDE_1.7.0\STM32CubeIDE\plugins\com.st.stm32cube.common.mx_6.3.0.202107141111\\db\/plugins/mcufinder/images/
2022-09-22 08:33:02,623 [INFO] DbBoards:264 - Set plugin images path to: D:\ST\STM32CubeIDE_1.7.0\STM32CubeIDE\plugins\com.st.stm32cube.common.mx_6.3.0.202107141111\\db\/plugins/mcufinder/images/
2022-09-22 08:33:02,626 [INFO] DbExamples:333 - Set plugin images path to: D:\ST\STM32CubeIDE_1.7.0\STM32CubeIDE\plugins\com.st.stm32cube.common.mx_6.3.0.202107141111\\db\/plugins/mcufinder/images/
2022-09-22 08:33:02,640 [INFO] DbMcusAds:119 - Set database path to: C:\Users\banhb\.stmcufinder\plugins\mcufinder//mcu/
2022-09-22 08:33:02,641 [INFO] DbMcusDocs:110 - Set database path to: C:\Users\banhb\.stmcufinder\plugins\mcufinder//mcu/
2022-09-22 08:33:02,643 [INFO] DbMcusJson:64 - Set database path to: C:\Users\banhb\.stmcufinder\plugins\mcufinder//mcu/
2022-09-22 08:33:02,643 [INFO] DbBoardsDocs:110 - Set database path to: C:\Users\banhb\.stmcufinder\plugins\mcufinder//mcu/
2022-09-22 08:33:02,644 [INFO] DbBoardsJson:57 - Set database path to: C:\Users\banhb\.stmcufinder\plugins\mcufinder//mcu/
2022-09-22 08:33:02,761 [INFO] CrossReferenceDbSqlite:196 - Set database path to: C:\Users\banhb\.stmcufinder\plugins\mcufinder//mcu/cs/
2022-09-22 08:33:02,767 [INFO] DbExamplesSqlite:767 - Set database path to: C:\Users\banhb\.stmcufinder\plugins\mcufinder//mcu/
2022-09-22 08:33:02,865 [INFO] RulesReader:57 - Compatibility file has been processed (242 Rules)
2022-09-22 08:33:02,973 [INFO] DbMcusXml:74 - Set database path to: D:\ST\STM32CubeIDE_1.7.0\STM32CubeIDE\plugins\com.st.stm32cube.common.mx_6.3.0.202107141111\\db\/mcu/
2022-09-22 08:33:02,974 [INFO] DbBoardsPdsc:56 - Set plugin database path to: D:\ST\STM32CubeIDE_1.7.0\STM32CubeIDE\plugins\com.st.stm32cube.common.mx_6.3.0.202107141111\\db\/plugins/boardmanager/
2022-09-22 08:33:02,974 [INFO] DbMcus:258 - Set plugin images path to: D:\ST\STM32CubeIDE_1.7.0\STM32CubeIDE\plugins\com.st.stm32cube.common.mx_6.3.0.202107141111\\db\/plugins/mcufinder/images/
2022-09-22 08:33:02,974 [INFO] DbBoards:264 - Set plugin images path to: D:\ST\STM32CubeIDE_1.7.0\STM32CubeIDE\plugins\com.st.stm32cube.common.mx_6.3.0.202107141111\\db\/plugins/mcufinder/images/
2022-09-22 08:33:02,975 [INFO] DbExamples:333 - Set plugin images path to: D:\ST\STM32CubeIDE_1.7.0\STM32CubeIDE\plugins\com.st.stm32cube.common.mx_6.3.0.202107141111\\db\/plugins/mcufinder/images/
2022-09-22 08:33:02,975 [WARN] DbFile:35 - Overriding database path with different value: C:\Users\banhb\.stmcufinder\plugins\mcufinder/ => C:\Users\banhb\.stmcufinder\plugins\mcufinder
2022-09-22 08:33:02,975 [INFO] DbMcusAds:119 - Set database path to: C:\Users\banhb\.stmcufinder\plugins\mcufinder//mcu/
2022-09-22 08:33:02,975 [WARN] DbFile:35 - Overriding database path with different value: C:\Users\banhb\.stmcufinder\plugins\mcufinder/ => C:\Users\banhb\.stmcufinder\plugins\mcufinder
2022-09-22 08:33:02,975 [INFO] DbMcusDocs:110 - Set database path to: C:\Users\banhb\.stmcufinder\plugins\mcufinder//mcu/
2022-09-22 08:33:02,975 [WARN] DbFile:35 - Overriding database path with different value: C:\Users\banhb\.stmcufinder\plugins\mcufinder/ => C:\Users\banhb\.stmcufinder\plugins\mcufinder
2022-09-22 08:33:02,975 [INFO] DbMcusJson:64 - Set database path to: C:\Users\banhb\.stmcufinder\plugins\mcufinder//mcu/
2022-09-22 08:33:02,975 [WARN] DbFile:35 - Overriding database path with different value: C:\Users\banhb\.stmcufinder\plugins\mcufinder/ => C:\Users\banhb\.stmcufinder\plugins\mcufinder
2022-09-22 08:33:02,975 [INFO] DbBoardsDocs:110 - Set database path to: C:\Users\banhb\.stmcufinder\plugins\mcufinder//mcu/
2022-09-22 08:33:02,975 [WARN] DbFile:35 - Overriding database path with different value: C:\Users\banhb\.stmcufinder\plugins\mcufinder/ => C:\Users\banhb\.stmcufinder\plugins\mcufinder
2022-09-22 08:33:02,975 [INFO] DbBoardsJson:57 - Set database path to: C:\Users\banhb\.stmcufinder\plugins\mcufinder//mcu/
2022-09-22 08:33:02,975 [WARN] DbFile:35 - Overriding database path with different value: C:\Users\banhb\.stmcufinder\plugins\mcufinder/ => C:\Users\banhb\.stmcufinder\plugins\mcufinder
2022-09-22 08:33:02,976 [WARN] DbFile:35 - Overriding database path with different value: C:\Users\banhb\.stmcufinder\plugins\mcufinder/ => C:\Users\banhb\.stmcufinder\plugins\mcufinder
2022-09-22 08:33:02,976 [INFO] CrossReferenceDbSqlite:196 - Set database path to: C:\Users\banhb\.stmcufinder\plugins\mcufinder//mcu/cs/
2022-09-22 08:33:02,976 [WARN] DbFile:35 - Overriding database path with different value: C:\Users\banhb\.stmcufinder\plugins\mcufinder/ => C:\Users\banhb\.stmcufinder\plugins\mcufinder
2022-09-22 08:33:02,976 [INFO] DbExamplesSqlite:767 - Set database path to: C:\Users\banhb\.stmcufinder\plugins\mcufinder//mcu/
2022-09-22 08:33:03,042 [INFO] MainPanel:214 - HeapMemory: 571473920
2022-09-22 08:33:03,145 [INFO] DbMcusXml:74 - Set database path to: D:\ST\STM32CubeIDE_1.7.0\STM32CubeIDE\plugins\com.st.stm32cube.common.mx_6.3.0.202107141111\\db\/mcu/
2022-09-22 08:33:03,145 [INFO] DbBoardsPdsc:56 - Set plugin database path to: D:\ST\STM32CubeIDE_1.7.0\STM32CubeIDE\plugins\com.st.stm32cube.common.mx_6.3.0.202107141111\\db\/plugins/boardmanager/
2022-09-22 08:33:03,146 [INFO] DbMcus:258 - Set plugin images path to: D:\ST\STM32CubeIDE_1.7.0\STM32CubeIDE\plugins\com.st.stm32cube.common.mx_6.3.0.202107141111\\db\/plugins/mcufinder/images/
2022-09-22 08:33:03,146 [INFO] DbBoards:264 - Set plugin images path to: D:\ST\STM32CubeIDE_1.7.0\STM32CubeIDE\plugins\com.st.stm32cube.common.mx_6.3.0.202107141111\\db\/plugins/mcufinder/images/
2022-09-22 08:33:03,146 [INFO] DbExamples:333 - Set plugin images path to: D:\ST\STM32CubeIDE_1.7.0\STM32CubeIDE\plugins\com.st.stm32cube.common.mx_6.3.0.202107141111\\db\/plugins/mcufinder/images/
2022-09-22 08:33:03,147 [WARN] DbFile:35 - Overriding database path with different value: C:\Users\banhb\.stmcufinder\plugins\mcufinder/ => C:\Users\banhb\.stmcufinder\plugins\mcufinder
2022-09-22 08:33:03,147 [INFO] DbMcusAds:119 - Set database path to: C:\Users\banhb\.stmcufinder\plugins\mcufinder//mcu/
2022-09-22 08:33:03,147 [WARN] DbFile:35 - Overriding database path with different value: C:\Users\banhb\.stmcufinder\plugins\mcufinder/ => C:\Users\banhb\.stmcufinder\plugins\mcufinder
2022-09-22 08:33:03,147 [INFO] DbMcusDocs:110 - Set database path to: C:\Users\banhb\.stmcufinder\plugins\mcufinder//mcu/
2022-09-22 08:33:03,147 [WARN] DbFile:35 - Overriding database path with different value: C:\Users\banhb\.stmcufinder\plugins\mcufinder/ => C:\Users\banhb\.stmcufinder\plugins\mcufinder
2022-09-22 08:33:03,148 [INFO] DbMcusJson:64 - Set database path to: C:\Users\banhb\.stmcufinder\plugins\mcufinder//mcu/
2022-09-22 08:33:03,148 [WARN] DbFile:35 - Overriding database path with different value: C:\Users\banhb\.stmcufinder\plugins\mcufinder/ => C:\Users\banhb\.stmcufinder\plugins\mcufinder
2022-09-22 08:33:03,148 [INFO] DbBoardsDocs:110 - Set database path to: C:\Users\banhb\.stmcufinder\plugins\mcufinder//mcu/
2022-09-22 08:33:03,148 [WARN] DbFile:35 - Overriding database path with different value: C:\Users\banhb\.stmcufinder\plugins\mcufinder/ => C:\Users\banhb\.stmcufinder\plugins\mcufinder
2022-09-22 08:33:03,148 [INFO] DbBoardsJson:57 - Set database path to: C:\Users\banhb\.stmcufinder\plugins\mcufinder//mcu/
2022-09-22 08:33:03,148 [WARN] DbFile:35 - Overriding database path with different value: C:\Users\banhb\.stmcufinder\plugins\mcufinder/ => C:\Users\banhb\.stmcufinder\plugins\mcufinder
2022-09-22 08:33:03,148 [WARN] DbFile:35 - Overriding database path with different value: C:\Users\banhb\.stmcufinder\plugins\mcufinder/ => C:\Users\banhb\.stmcufinder\plugins\mcufinder
2022-09-22 08:33:03,149 [INFO] CrossReferenceDbSqlite:196 - Set database path to: C:\Users\banhb\.stmcufinder\plugins\mcufinder//mcu/cs/
2022-09-22 08:33:03,149 [WARN] DbFile:35 - Overriding database path with different value: C:\Users\banhb\.stmcufinder\plugins\mcufinder/ => C:\Users\banhb\.stmcufinder\plugins\mcufinder
2022-09-22 08:33:03,149 [INFO] DbExamplesSqlite:767 - Set database path to: C:\Users\banhb\.stmcufinder\plugins\mcufinder//mcu/
2022-09-22 08:33:03,176 [INFO] ApplicationProperties:181 - Using Application install path: D:\ST\STM32CubeIDE_1.7.0\STM32CubeIDE\plugins\com.st.stm32cube.common.mx_6.3.0.202107141111
2022-09-22 08:33:03,177 [INFO] PluginManage:188 - Search for loadable plugins [exclusion list=, ]
2022-09-22 08:33:03,179 [INFO] PluginManage:302 - Check plugin analytics
2022-09-22 08:33:03,404 [INFO] AnalyticsPlugin:257 - Accepted Software Licenses: 
2022-09-22 08:33:03,404 [INFO] AnalyticsPlugin:259 - Accepted CMSIS Pack Licenses: 
2022-09-22 08:33:03,405 [INFO] AnalyticsPlugin:261 - Accepted Firmware Licenses: 
2022-09-22 08:33:03,405 [INFO] PluginManage:352 - Loaded plugin analytics (category:tool,tabindex:-1)
2022-09-22 08:33:03,405 [INFO] PluginManage:302 - Check plugin clock
2022-09-22 08:33:03,418 [INFO] PluginManage:352 - Loaded plugin clock (category:base,tabindex:2)
2022-09-22 08:33:03,418 [INFO] PluginManage:302 - Check plugin ddr
2022-09-22 08:33:03,420 [INFO] PluginManage:352 - Loaded plugin ddr (category:tool,tabindex:6)
2022-09-22 08:33:03,420 [INFO] PluginManage:302 - Check plugin filemanager
2022-09-22 08:33:03,555 [INFO] PluginManage:352 - Loaded plugin filemanager (category:base,tabindex:10)
2022-09-22 08:33:03,558 [INFO] PluginManage:302 - Check plugin ipmanager
2022-09-22 08:33:03,567 [INFO] PluginManage:352 - Loaded plugin ipmanager (category:base,tabindex:5)
2022-09-22 08:33:03,568 [INFO] PluginManage:302 - Check plugin pinoutandconfiguration
2022-09-22 08:33:03,575 [INFO] PluginManage:352 - Loaded plugin pinoutandconfiguration (category:base,tabindex:1)
2022-09-22 08:33:03,575 [INFO] PluginManage:302 - Check plugin pinoutconfig
2022-09-22 08:33:03,603 [INFO] PluginManage:352 - Loaded plugin pinoutconfig (category:base,tabindex:0)
2022-09-22 08:33:03,603 [INFO] PluginManage:302 - Check plugin power
2022-09-22 08:33:03,617 [INFO] PluginManage:352 - Loaded plugin power (category:power,tabindex:4)
2022-09-22 08:33:03,618 [INFO] PluginManage:302 - Check plugin projectmanager
2022-09-22 08:33:03,635 [INFO] PluginManage:352 - Loaded plugin projectmanager (category:projectmanager,tabindex:3)
2022-09-22 08:33:03,636 [INFO] PluginManage:302 - Check plugin thirdparty
2022-09-22 08:33:03,748 [WARN] IntegrityCheckThread:78 - waiting for thirdparty lock release [integrity check]
2022-09-22 08:33:03,749 [INFO] IntegrityCheckThread:80 - entering critical section [integrity check]
2022-09-22 08:33:03,748 [INFO] PluginManage:352 - Loaded plugin thirdparty (category:base,tabindex:-1)
2022-09-22 08:33:03,749 [INFO] ThirdPartyUpdaterWithRetryManager:66 - Updater plugin not ready yet. [1/15]
2022-09-22 08:33:03,749 [INFO] PluginManage:302 - Check plugin tools
2022-09-22 08:33:03,751 [INFO] PluginManage:352 - Loaded plugin tools (category:base,tabindex:7)
2022-09-22 08:33:03,751 [INFO] PluginManage:302 - Check plugin tutovideos
2022-09-22 08:33:04,024 [INFO] PluginManage:352 - Loaded plugin tutovideos (category:base,tabindex:-1)
2022-09-22 08:33:04,024 [INFO] PluginManage:302 - Check plugin updater
2022-09-22 08:33:04,037 [INFO] PluginManage:352 - Loaded plugin updater (category:base,tabindex:12)
2022-09-22 08:33:04,038 [INFO] PluginManage:275 - PluginManage : Loaded plugins [13]
2022-09-22 08:33:04,223 [INFO] PinOutPanel:1463 - setPackage(No Configuration,No Configuration)
2022-09-22 08:33:04,314 [INFO] IPUIPlugin:74 - create IPUIPlugin
2022-09-22 08:33:04,315 [INFO] PluginManager:213 - loadIPPluginJar : add adc
2022-09-22 08:33:04,317 [INFO] IPUIPlugin:74 - create IPUIPlugin
2022-09-22 08:33:04,318 [INFO] PluginManager:213 - loadIPPluginJar : add aes
2022-09-22 08:33:04,320 [INFO] IPUIPlugin:74 - create IPUIPlugin
2022-09-22 08:33:04,320 [INFO] PluginManager:213 - loadIPPluginJar : add can
2022-09-22 08:33:04,322 [INFO] IPUIPlugin:74 - create IPUIPlugin
2022-09-22 08:33:04,322 [INFO] PluginManager:213 - loadIPPluginJar : add comp
2022-09-22 08:33:04,325 [INFO] IPUIPlugin:74 - create IPUIPlugin
2022-09-22 08:33:04,325 [INFO] PluginManager:213 - loadIPPluginJar : add cryp
2022-09-22 08:33:04,327 [INFO] IPUIPlugin:74 - create IPUIPlugin
2022-09-22 08:33:04,328 [INFO] PluginManager:213 - loadIPPluginJar : add dfsdm
2022-09-22 08:33:04,333 [INFO] IPUIPlugin:74 - create IPUIPlugin
2022-09-22 08:33:04,334 [INFO] PluginManager:213 - loadIPPluginJar : add dma
2022-09-22 08:33:04,336 [INFO] IPUIPlugin:74 - create IPUIPlugin
2022-09-22 08:33:04,336 [INFO] PluginManager:213 - loadIPPluginJar : add dma3
2022-09-22 08:33:04,338 [INFO] IPUIPlugin:74 - create IPUIPlugin
2022-09-22 08:33:04,338 [INFO] PluginManager:213 - loadIPPluginJar : add fatfs
2022-09-22 08:33:04,342 [INFO] IPUIPlugin:74 - create IPUIPlugin
2022-09-22 08:33:04,342 [INFO] PluginManager:213 - loadIPPluginJar : add fmc
2022-09-22 08:33:04,348 [INFO] IPUIPlugin:74 - create IPUIPlugin
2022-09-22 08:33:04,348 [INFO] PluginManager:213 - loadIPPluginJar : add freertos
2022-09-22 08:33:04,350 [INFO] IPUIPlugin:74 - create IPUIPlugin
2022-09-22 08:33:04,350 [INFO] PluginManager:213 - loadIPPluginJar : add genericplugin
2022-09-22 08:33:04,352 [INFO] IPUIPlugin:74 - create IPUIPlugin
2022-09-22 08:33:04,353 [INFO] PluginManager:213 - loadIPPluginJar : add gfxmmu
2022-09-22 08:33:04,358 [INFO] IPUIPlugin:74 - create IPUIPlugin
2022-09-22 08:33:04,358 [INFO] PluginManager:213 - loadIPPluginJar : add gic
2022-09-22 08:33:04,362 [INFO] IPUIPlugin:74 - create IPUIPlugin
2022-09-22 08:33:04,362 [INFO] PluginManager:213 - loadIPPluginJar : add gpio
2022-09-22 08:33:04,365 [INFO] IPUIPlugin:74 - create IPUIPlugin
2022-09-22 08:33:04,365 [INFO] PluginManager:213 - loadIPPluginJar : add gtzc
2022-09-22 08:33:04,368 [INFO] IPUIPlugin:74 - create IPUIPlugin
2022-09-22 08:33:04,368 [INFO] PluginManager:213 - loadIPPluginJar : add hash
2022-09-22 08:33:04,370 [INFO] IPUIPlugin:74 - create IPUIPlugin
2022-09-22 08:33:04,371 [INFO] PluginManager:213 - loadIPPluginJar : add i2c
2022-09-22 08:33:04,373 [INFO] IPUIPlugin:74 - create IPUIPlugin
2022-09-22 08:33:04,374 [INFO] PluginManager:213 - loadIPPluginJar : add i2s
2022-09-22 08:33:04,377 [INFO] IPUIPlugin:74 - create IPUIPlugin
2022-09-22 08:33:04,378 [INFO] PluginManager:213 - loadIPPluginJar : add ipddr
2022-09-22 08:33:04,385 [INFO] IPUIPlugin:74 - create IPUIPlugin
2022-09-22 08:33:04,385 [INFO] PluginManager:213 - loadIPPluginJar : add linkedlist
2022-09-22 08:33:04,387 [INFO] IPUIPlugin:74 - create IPUIPlugin
2022-09-22 08:33:04,388 [INFO] PluginManager:213 - loadIPPluginJar : add lorawan
2022-09-22 08:33:04,389 [INFO] IPUIPlugin:74 - create IPUIPlugin
2022-09-22 08:33:04,389 [INFO] PluginManager:213 - loadIPPluginJar : add ltdc
2022-09-22 08:33:04,393 [INFO] IPUIPlugin:74 - create IPUIPlugin
2022-09-22 08:33:04,394 [INFO] PluginManager:213 - loadIPPluginJar : add mdma
2022-09-22 08:33:04,397 [INFO] IPUIPlugin:74 - create IPUIPlugin
2022-09-22 08:33:04,398 [INFO] PluginManager:213 - loadIPPluginJar : add nvic
2022-09-22 08:33:04,403 [INFO] IPUIPlugin:74 - create IPUIPlugin
2022-09-22 08:33:04,403 [INFO] PluginManager:213 - loadIPPluginJar : add opamp
2022-09-22 08:33:04,407 [INFO] IPUIPlugin:74 - create IPUIPlugin
2022-09-22 08:33:04,407 [INFO] PluginManager:213 - loadIPPluginJar : add openamp
2022-09-22 08:33:04,410 [INFO] IPUIPlugin:74 - create IPUIPlugin
2022-09-22 08:33:04,410 [INFO] PluginManager:213 - loadIPPluginJar : add pdm2pcm
2022-09-22 08:33:04,418 [INFO] IPUIPlugin:74 - create IPUIPlugin
2022-09-22 08:33:04,423 [INFO] PluginManager:213 - loadIPPluginJar : add plateformsettings
2022-09-22 08:33:04,425 [INFO] IPUIPlugin:74 - create IPUIPlugin
2022-09-22 08:33:04,425 [INFO] PluginManager:213 - loadIPPluginJar : add quadspi
2022-09-22 08:33:04,429 [INFO] IPUIPlugin:74 - create IPUIPlugin
2022-09-22 08:33:04,430 [INFO] PluginManager:213 - loadIPPluginJar : add resmgrutility
2022-09-22 08:33:04,434 [INFO] IPUIPlugin:74 - create IPUIPlugin
2022-09-22 08:33:04,434 [INFO] PluginManager:213 - loadIPPluginJar : add sai
2022-09-22 08:33:04,438 [INFO] IPUIPlugin:74 - create IPUIPlugin
2022-09-22 08:33:04,438 [INFO] PluginManager:213 - loadIPPluginJar : add spi
2022-09-22 08:33:04,443 [INFO] IPUIPlugin:74 - create IPUIPlugin
2022-09-22 08:33:04,444 [INFO] PluginManager:213 - loadIPPluginJar : add stm32_wpan
2022-09-22 08:33:04,446 [INFO] IPUIPlugin:74 - create IPUIPlugin
2022-09-22 08:33:04,446 [INFO] PluginManager:213 - loadIPPluginJar : add tim
2022-09-22 08:33:04,450 [INFO] IPUIPlugin:74 - create IPUIPlugin
2022-09-22 08:33:04,450 [INFO] PluginManager:213 - loadIPPluginJar : add touchsensing
2022-09-22 08:33:04,452 [INFO] IPUIPlugin:74 - create IPUIPlugin
2022-09-22 08:33:04,453 [INFO] PluginManager:213 - loadIPPluginJar : add tracer_emb
2022-09-22 08:33:04,455 [INFO] IPUIPlugin:74 - create IPUIPlugin
2022-09-22 08:33:04,455 [INFO] PluginManager:213 - loadIPPluginJar : add ts
2022-09-22 08:33:04,457 [INFO] IPUIPlugin:74 - create IPUIPlugin
2022-09-22 08:33:04,457 [INFO] PluginManager:213 - loadIPPluginJar : add tsc
2022-09-22 08:33:04,459 [INFO] IPUIPlugin:74 - create IPUIPlugin
2022-09-22 08:33:04,459 [INFO] PluginManager:213 - loadIPPluginJar : add ucpd
2022-09-22 08:33:04,462 [INFO] IPUIPlugin:74 - create IPUIPlugin
2022-09-22 08:33:04,463 [INFO] PluginManager:213 - loadIPPluginJar : add usart
2022-09-22 08:33:04,466 [INFO] IPUIPlugin:74 - create IPUIPlugin
2022-09-22 08:33:04,467 [INFO] PluginManager:213 - loadIPPluginJar : add usbx
2022-09-22 08:33:04,802 [FATAL] Updater:294 - Updater called before beeing initialized
2022-09-22 08:33:04,894 [FATAL] Updater:294 - Updater called before beeing initialized
2022-09-22 08:33:04,898 [INFO] DbMcusAds:47 - JSON generation date=Thu Sep 30 13:55:09 ICT 2021 (1632984909247)
2022-09-22 08:33:04,898 [FATAL] Updater:294 - Updater called before beeing initialized
2022-09-22 08:33:04,935 [WARN] DetailPanel:314 - Failed to get advertising image, set to default
2022-09-22 08:33:05,035 [FATAL] Updater:294 - Updater called before beeing initialized
2022-09-22 08:33:05,037 [FATAL] Updater:294 - Updater called before beeing initialized
2022-09-22 08:33:05,037 [FATAL] Updater:294 - Updater called before beeing initialized
2022-09-22 08:33:05,038 [WARN] DetailPanel:314 - Failed to get advertising image, set to default
2022-09-22 08:33:05,039 [FATAL] Updater:294 - Updater called before beeing initialized
2022-09-22 08:33:05,099 [ERROR] Updater:1075 - MainUpdater not yet initialized. External WinMGr cannot be set.
2022-09-22 08:33:05,102 [INFO] Updater:1012 - Updater Version found : 6.3.0
2022-09-22 08:33:05,119 [INFO] ApplicationProperties:181 - Using Application install path: D:\ST\STM32CubeIDE_1.7.0\STM32CubeIDE\plugins\com.st.stm32cube.common.mx_6.3.0.202107141111
2022-09-22 08:33:05,730 [INFO] MainUpdater:2671 - connection check result : 10
2022-09-22 08:33:05,731 [INFO] MainUpdater:265 - Updater Check For Update Now.
2022-09-22 08:33:05,731 [INFO] MicroXplorer:478 - Change Database Version : DB.6.0.30
2022-09-22 08:33:05,887 [INFO] CheckServerUpdateThread:112 - End of CheckServer Thread
2022-09-22 08:33:05,964 [INFO] MainUpdater:2671 - connection check result : 10
2022-09-22 08:33:05,967 [INFO] MainUpdater:2671 - connection check result : 10
2022-09-22 08:33:06,080 [INFO] MicroXplorer:448 - Change Database Path : 
2022-09-22 08:33:06,081 [INFO] MicroXplorer:478 - Change Database Version : DB.6.0.30
2022-09-22 08:33:06,081 [WARN] ThirdParty:813 - waiting for thirdparty lock release [close project]
2022-09-22 08:33:06,887 [WARN] PackLoader:238 - Cannot read IP mode file for STMicroelectronics.X-CUBE-GNSS1.6.0.0
2022-09-22 08:33:06,923 [WARN] PackLoader:238 - Cannot read IP mode file for STMicroelectronics.X-CUBE-AZRTOS-F4.1.1.0
2022-09-22 08:33:06,948 [WARN] PackLoader:238 - Cannot read IP mode file for STMicroelectronics.X-CUBE-AZRTOS-F7.1.1.0
2022-09-22 08:33:06,965 [WARN] PackLoader:238 - Cannot read IP mode file for STMicroelectronics.X-CUBE-BLE1.6.2.3
2022-09-22 08:33:06,971 [WARN] PackLoader:238 - Cannot read IP mode file for STMicroelectronics.X-CUBE-NFC4.2.0.4
2022-09-22 08:33:06,982 [WARN] PackLoader:238 - Cannot read IP mode file for STMicroelectronics.X-CUBE-TOF1.3.1.0
2022-09-22 08:33:06,991 [WARN] PackLoader:238 - Cannot read IP mode file for wolfSSL.I-CUBE-wolfSSL.5.5.0
2022-09-22 08:33:06,997 [WARN] PackLoader:238 - Cannot read IP mode file for STMicroelectronics.X-CUBE-NFC7.1.0.0
2022-09-22 08:33:07,046 [WARN] PackLoader:238 - Cannot read IP mode file for STMicroelectronics.X-CUBE-MEMS1.9.3.0
2022-09-22 08:33:07,239 [WARN] PackLoader:238 - Cannot read IP mode file for STMicroelectronics.X-CUBE-AI.7.2.0
2022-09-22 08:33:07,251 [WARN] PackLoader:238 - Cannot read IP mode file for STMicroelectronics.X-CUBE-SFXS2LP1.4.0.0
2022-09-22 08:33:07,257 [WARN] PackLoader:238 - Cannot read IP mode file for STMicroelectronics.X-CUBE-BLE2.3.3.0
2022-09-22 08:33:07,279 [WARN] PackLoader:238 - Cannot read IP mode file for STMicroelectronics.X-CUBE-DISPLAY.2.2.0
2022-09-22 08:33:07,287 [WARN] PackLoader:238 - Cannot read IP mode file for STMicroelectronics.X-CUBE-ISPU.1.0.0
2022-09-22 08:33:07,294 [WARN] PackLoader:238 - Cannot read IP mode file for RoweBots.I-CUBE-UNISONRTOS.5.5.0-4
2022-09-22 08:33:07,312 [WARN] PackLoader:238 - Cannot read IP mode file for STMicroelectronics.X-CUBE-AZRTOS-H7.2.1.0
2022-09-22 08:33:07,326 [WARN] PackLoader:238 - Cannot read IP mode file for STMicroelectronics.X-CUBE-BLEMGR.1.0.0
2022-09-22 08:33:07,334 [WARN] PackLoader:238 - Cannot read IP mode file for STMicroelectronics.X-CUBE-ALGOBUILD.1.3.0
2022-09-22 08:33:07,351 [WARN] PackLoader:238 - Cannot read IP mode file for STMicroelectronics.X-CUBE-AZRTOS-G0.1.1.0
2022-09-22 08:33:07,366 [WARN] PackLoader:238 - Cannot read IP mode file for STMicroelectronics.X-CUBE-SUBG2.5.0.0
2022-09-22 08:33:07,408 [WARN] PackLoader:238 - Cannot read IP mode file for SEGGER.I-CUBE-embOS.1.2.0
2022-09-22 08:33:07,450 [WARN] PackLoader:238 - Cannot read IP mode file for STMicroelectronics.FP-ATR-ASTRA1.1.1.1
2022-09-22 08:33:07,468 [WARN] PackLoader:238 - Cannot read IP mode file for STMicroelectronics.X-CUBE-AZRTOS-G4.1.0.0
2022-09-22 08:33:07,485 [WARN] PackLoader:238 - Cannot read IP mode file for STMicroelectronics.X-CUBE-AZRTOS-L4.1.0.0
2022-09-22 08:33:07,496 [WARN] PackLoader:238 - Cannot read IP mode file for emotas.I-CUBE-CANOPEN.1.1.2
2022-09-22 08:33:07,500 [WARN] PackLoader:238 - Cannot read IP mode file for STMicroelectronics.X-CUBE-TOUCHGFX.4.20.0
2022-09-22 08:33:07,515 [WARN] PackLoader:238 - Cannot read IP mode file for STMicroelectronics.X-CUBE-AZRTOS-WL.1.0.0
2022-09-22 08:33:07,520 [WARN] PackLoader:238 - Cannot read IP mode file for portGmbH.I-Cube-SoM-uGOAL.1.1.0
2022-09-22 08:33:07,524 [WARN] PackLoader:238 - Cannot read IP mode file for STMicroelectronics.X-CUBE-ALS.1.0.1
2022-09-22 08:33:07,539 [WARN] PackLoader:238 - Cannot read IP mode file for STMicroelectronics.X-CUBE-AZRTOS-L5.1.0.0
2022-09-22 08:33:07,545 [WARN] PackLoader:238 - Cannot read IP mode file for STMicroelectronics.X-CUBE-EEPRMA1.3.1.1
2022-09-22 08:33:07,546 [INFO] ThirdParty:915 - Integrity check success = true
2022-09-22 08:33:07,546 [INFO] IntegrityCheckThread:94 - exiting critical section [integrity check]
2022-09-22 08:33:07,546 [INFO] IntegrityCheckThread:97 - End integrity checks thread
2022-09-22 08:33:07,546 [INFO] ThirdParty:815 - entering critical section [close project]
2022-09-22 08:33:07,547 [INFO] ThirdParty:825 - exiting critical section [close project]
2022-09-22 08:33:07,551 [INFO] PinOutPanel:1463 - setPackage(No Configuration,No Configuration)
2022-09-22 08:33:07,552 [INFO] UtilMem:74 - Begin LoadConfig() Used Memory: 568476408 Bytes (577765376)
2022-09-22 08:33:07,553 [INFO] MicroXplorer:448 - Change Database Path : 
2022-09-22 08:33:07,553 [INFO] MicroXplorer:478 - Change Database Version : DB.6.0.30
2022-09-22 08:33:07,553 [INFO] OpenFileManager:313 - Change cursor
2022-09-22 08:33:08,258 [INFO] Context:592 - Trying to add GPIOservice into a context  which must be forbidden
2022-09-22 08:33:08,481 [WARN] ApiManager:304 - Cannot register API 'Board Extension:GNSS1A1' from pack STMicroelectronics.X-CUBE-GNSS1.6.0.0: no header file found
2022-09-22 08:33:08,481 [WARN] ApiManager:304 - Cannot register API 'Board Support:Custom' from pack STMicroelectronics.X-CUBE-GNSS1.6.0.0: no header file found
2022-09-22 08:33:08,482 [WARN] ApiManager:304 - Cannot register API 'Data Exchange:lib_gnss' from pack STMicroelectronics.X-CUBE-GNSS1.6.0.0: no header file found
2022-09-22 08:33:08,491 [WARN] ModelIntegratedComponent:60 - No mode defined for component null
2022-09-22 08:33:08,492 [WARN] ModelIntegratedComponent:60 - No mode defined for component null
2022-09-22 08:33:08,492 [WARN] ModelIntegratedComponent:60 - No mode defined for component null
2022-09-22 08:33:08,492 [WARN] ModelIntegratedComponent:60 - No mode defined for component null
2022-09-22 08:33:08,492 [WARN] ModelIntegratedComponent:60 - No mode defined for component null
2022-09-22 08:33:08,492 [WARN] ModelIntegratedComponent:60 - No mode defined for component null
2022-09-22 08:33:08,492 [WARN] ModelIntegratedComponent:60 - No mode defined for component null
2022-09-22 08:33:08,492 [WARN] ModelIntegratedComponent:60 - No mode defined for component null
2022-09-22 08:33:08,492 [WARN] ModelIntegratedComponent:60 - No mode defined for component null
2022-09-22 08:33:08,492 [WARN] ModelIntegratedComponent:60 - No mode defined for component null
2022-09-22 08:33:08,493 [WARN] ModelIntegratedComponent:60 - No mode defined for component null
2022-09-22 08:33:08,493 [WARN] ModelIntegratedComponent:60 - No mode defined for component null
2022-09-22 08:33:08,493 [WARN] ModelIntegratedComponent:60 - No mode defined for component null
2022-09-22 08:33:08,493 [WARN] ModelIntegratedComponent:60 - No mode defined for component null
2022-09-22 08:33:08,493 [WARN] ModelIntegratedComponent:60 - No mode defined for component null
2022-09-22 08:33:08,493 [WARN] ModelIntegratedComponent:60 - No mode defined for component null
2022-09-22 08:33:08,493 [WARN] ModelIntegratedComponent:60 - No mode defined for component null
2022-09-22 08:33:08,493 [WARN] ModelIntegratedComponent:60 - No mode defined for component null
2022-09-22 08:33:08,493 [WARN] ModelIntegratedComponent:60 - No mode defined for component null
2022-09-22 08:33:08,493 [WARN] ModelIntegratedComponent:60 - No mode defined for component null
2022-09-22 08:33:08,493 [WARN] ModelIntegratedComponent:60 - No mode defined for component null
2022-09-22 08:33:08,493 [WARN] ModelIntegratedComponent:60 - No mode defined for component null
2022-09-22 08:33:08,493 [WARN] ModelIntegratedComponent:60 - No mode defined for component null
2022-09-22 08:33:08,494 [WARN] ModelIntegratedComponent:60 - No mode defined for component null
2022-09-22 08:33:08,494 [WARN] ModelIntegratedComponent:60 - No mode defined for component null
2022-09-22 08:33:08,494 [WARN] ModelIntegratedComponent:60 - No mode defined for component null
2022-09-22 08:33:08,494 [WARN] ModelIntegratedComponent:60 - No mode defined for component null
2022-09-22 08:33:08,494 [WARN] ModelIntegratedComponent:60 - No mode defined for component null
2022-09-22 08:33:08,494 [WARN] ModelIntegratedComponent:60 - No mode defined for component null
2022-09-22 08:33:08,494 [WARN] ModelIntegratedComponent:60 - No mode defined for component null
2022-09-22 08:33:08,494 [WARN] ModelIntegratedComponent:60 - No mode defined for component null
2022-09-22 08:33:08,497 [WARN] ApiManager:304 - Cannot register API 'Board Extension:NFC07A1' from pack STMicroelectronics.X-CUBE-NFC7.1.0.0: no header file found
2022-09-22 08:33:08,712 [WARN] ApiManager:304 - Cannot register API 'Board Extension:IKS01A3' from pack STMicroelectronics.X-CUBE-MEMS1.9.3.0: no header file found
2022-09-22 08:33:08,712 [WARN] ApiManager:304 - Cannot register API 'Board Extension:IKS01A2' from pack STMicroelectronics.X-CUBE-MEMS1.9.3.0: no header file found
2022-09-22 08:33:08,712 [WARN] ApiManager:304 - Cannot register API 'Board Extension:IKS02A1' from pack STMicroelectronics.X-CUBE-MEMS1.9.3.0: no header file found
2022-09-22 08:33:08,725 [WARN] ApiManager:304 - Cannot register API 'Wireless:BlueNRG-MS' from pack STMicroelectronics.X-CUBE-BLE1.6.2.3: no header file found
2022-09-22 08:33:08,729 [INFO] RtosManager:484 - Registered RTOS mode: class=CMSIS, group=RTOS, mode=CMSIS_V1, owner=FREERTOS
2022-09-22 08:33:08,729 [INFO] RtosManager:484 - Registered RTOS mode: class=CMSIS, group=RTOS2, mode=CMSIS_V2, owner=FREERTOS
2022-09-22 08:33:08,729 [INFO] RtosManager:484 - Registered RTOS mode: class=RTOS, group=Core, mode=CMSIS_V1, owner=FREERTOS
2022-09-22 08:33:08,730 [INFO] RtosManager:484 - Registered RTOS mode: class=RTOS, group=Core, mode=CMSIS_V2, owner=FREERTOS
2022-09-22 08:33:08,730 [WARN] ModelIntegratedComponent:181 - Missing modes for component STMicroelectronics:FreeRTOS:0.0.1:STMicroelectronics:RTOS:FreeRTOS:Core:::10.2.0:
2022-09-22 08:33:08,735 [WARN] ApiManager:304 - Cannot register API 'Board Extension:S2868A1' from pack STMicroelectronics.X-CUBE-SUBG2.5.0.0: no header file found
2022-09-22 08:33:08,735 [WARN] ApiManager:304 - Cannot register API 'Board Extension:S2868A2' from pack STMicroelectronics.X-CUBE-SUBG2.5.0.0: no header file found
2022-09-22 08:33:08,736 [WARN] ApiManager:304 - Cannot register API 'Board Extension:S2915A1' from pack STMicroelectronics.X-CUBE-SUBG2.5.0.0: no header file found
2022-09-22 08:33:08,739 [WARN] ApiManager:304 - Cannot register API 'Board Extension:EEPRMA1' from pack STMicroelectronics.X-CUBE-EEPRMA1.3.1.1: no header file found
2022-09-22 08:33:08,739 [WARN] ApiManager:304 - Cannot register API 'Board Extension:EEPRMA2' from pack STMicroelectronics.X-CUBE-EEPRMA1.3.1.1: no header file found
2022-09-22 08:33:08,740 [WARN] ApiManager:304 - Cannot register API 'Board Extension:S2868A1' from pack STMicroelectronics.X-CUBE-SFXS2LP1.4.0.0: no header file found
2022-09-22 08:33:08,740 [WARN] ApiManager:304 - Cannot register API 'Board Extension:S2868A2' from pack STMicroelectronics.X-CUBE-SFXS2LP1.4.0.0: no header file found
2022-09-22 08:33:08,740 [WARN] ApiManager:304 - Cannot register API 'Board Extension:S2915A1' from pack STMicroelectronics.X-CUBE-SFXS2LP1.4.0.0: no header file found
2022-09-22 08:33:08,740 [WARN] ApiManager:304 - Cannot register API 'Wireless:BlueNRG-2' from pack STMicroelectronics.X-CUBE-BLE2.3.3.0: no header file found
2022-09-22 08:33:08,741 [WARN] ApiManager:304 - Cannot register API 'Board Extension:NFC04A1' from pack STMicroelectronics.X-CUBE-NFC4.2.0.4: no header file found
2022-09-22 08:33:10,190 [INFO] UtilMem:74 - End LoadConfig() Used Memory: 567159600 Bytes (639631360)
2022-09-22 08:33:10,191 [INFO] DbMcusXml:100 - Load MCU database from D:\ST\STM32CubeIDE_1.7.0\STM32CubeIDE\plugins\com.st.stm32cube.common.mx_6.3.0.202107141111\\db\/mcu/families.xml
2022-09-22 08:33:10,957 [INFO] DbMcusJson:93 - JSON generation date=Tue Nov 16 23:17:54 ICT 2021 (1637079474)
2022-09-22 08:33:11,756 [INFO] DbMcus:175 - Found 1951 MCUs (1903 are supported by CubeMX, 1914 are visible in CubeMX)
2022-09-22 08:33:11,757 [INFO] ApiDb:251 - Load user favorites file C:\Users\banhb/.stm32cubeide/favorites.mcus.txt: 0 item(s)
2022-09-22 08:33:11,757 [INFO] ApiDb:255 - User favorites MCUs=[]
2022-09-22 08:33:11,757 [INFO] DbMcus:187 - Set 0 / 0 favorites MCUs
2022-09-22 08:33:11,759 [WARN] ThirdParty:779 - waiting for thirdparty lock release [change project]
2022-09-22 08:33:11,759 [INFO] ThirdParty:781 - entering critical section [change project]
2022-09-22 08:33:11,759 [INFO] ThirdParty:967 - CMSIS Pack Vendor :RoweBots I-CUBE-UNISONRTOS 5.5.0-4
2022-09-22 08:33:11,759 [INFO] ThirdParty:967 - CMSIS Pack Vendor :STMicroelectronics X-CUBE-GNSS1 6.0.0
2022-09-22 08:33:11,759 [INFO] ThirdParty:967 - CMSIS Pack Vendor :STMicroelectronics X-CUBE-AZRTOS-H7 2.1.0
2022-09-22 08:33:11,759 [INFO] ThirdParty:967 - CMSIS Pack Vendor :STMicroelectronics USB_HOST 2.0.0
2022-09-22 08:33:11,760 [INFO] ThirdParty:967 - CMSIS Pack Vendor :STMicroelectronics X-CUBE-AZRTOS-F4 1.1.0
2022-09-22 08:33:11,760 [INFO] ThirdParty:967 - CMSIS Pack Vendor :STMicroelectronics X-CUBE-AZRTOS-G4 1.0.0
2022-09-22 08:33:11,760 [INFO] ThirdParty:967 - CMSIS Pack Vendor :STMicroelectronics X-CUBE-AZRTOS-L4 1.0.0
2022-09-22 08:33:11,760 [INFO] ThirdParty:967 - CMSIS Pack Vendor :STMicroelectronics USB_DEVICE 3.0.0
2022-09-22 08:33:11,760 [INFO] ThirdParty:967 - CMSIS Pack Vendor :wolfSSL I-CUBE-wolfSSL 5.5.0
2022-09-22 08:33:11,760 [INFO] ThirdParty:967 - CMSIS Pack Vendor :STMicroelectronics HAL Drivers 0.0.0
2022-09-22 08:33:11,760 [INFO] ThirdParty:967 - CMSIS Pack Vendor :STMicroelectronics MBEDTLS 2.16.2
2022-09-22 08:33:11,760 [INFO] ThirdParty:967 - CMSIS Pack Vendor :emotas I-CUBE-CANOPEN 1.1.2
2022-09-22 08:33:11,760 [INFO] ThirdParty:967 - CMSIS Pack Vendor :STMicroelectronics X-CUBE-TOUCHGFX 4.20.0
2022-09-22 08:33:11,760 [INFO] ThirdParty:967 - CMSIS Pack Vendor :STMicroelectronics MBEDTLS 2.14.1
2022-09-22 08:33:11,760 [INFO] ThirdParty:967 - CMSIS Pack Vendor :STMicroelectronics X-CUBE-NFC7 1.0.0
2022-09-22 08:33:11,760 [INFO] ThirdParty:967 - CMSIS Pack Vendor :STMicroelectronics X-CUBE-BLEMGR 1.0.0
2022-09-22 08:33:11,760 [INFO] ThirdParty:967 - CMSIS Pack Vendor :STMicroelectronics X-CUBE-AZRTOS-WL 1.0.0
2022-09-22 08:33:11,760 [INFO] ThirdParty:967 - CMSIS Pack Vendor :STMicroelectronics X-CUBE-AZRTOS-F7 1.1.0
2022-09-22 08:33:11,760 [INFO] ThirdParty:967 - CMSIS Pack Vendor :STMicroelectronics X-CUBE-MEMS1 9.3.0
2022-09-22 08:33:11,760 [INFO] ThirdParty:967 - CMSIS Pack Vendor :portGmbH I-Cube-SoM-uGOAL 1.1.0
2022-09-22 08:33:11,760 [INFO] ThirdParty:967 - CMSIS Pack Vendor :STMicroelectronics X-CUBE-ALS 1.0.1
2022-09-22 08:33:11,760 [INFO] ThirdParty:967 - CMSIS Pack Vendor :STMicroelectronics USB_DEVICE 2.0.0
2022-09-22 08:33:11,760 [INFO] ThirdParty:967 - CMSIS Pack Vendor :STMicroelectronics X-CUBE-AI 7.2.0
2022-09-22 08:33:11,761 [INFO] ThirdParty:967 - CMSIS Pack Vendor :STMicroelectronics X-CUBE-BLE1 6.2.3
2022-09-22 08:33:11,761 [INFO] ThirdParty:967 - CMSIS Pack Vendor :STMicroelectronics X-CUBE-ALGOBUILD 1.3.0
2022-09-22 08:33:11,761 [INFO] ThirdParty:967 - CMSIS Pack Vendor :STMicroelectronics X-CUBE-AZRTOS-L5 1.0.0
2022-09-22 08:33:11,761 [INFO] ThirdParty:967 - CMSIS Pack Vendor :STMicroelectronics FreeRTOS 0.0.1
2022-09-22 08:33:11,761 [INFO] ThirdParty:967 - CMSIS Pack Vendor :STMicroelectronics X-CUBE-AZRTOS-G0 1.1.0
2022-09-22 08:33:11,761 [INFO] ThirdParty:967 - CMSIS Pack Vendor :STMicroelectronics USB_DEVICE 1.0.0
2022-09-22 08:33:11,761 [INFO] ThirdParty:967 - CMSIS Pack Vendor :STMicroelectronics X-CUBE-SUBG2 5.0.0
2022-09-22 08:33:11,761 [INFO] ThirdParty:967 - CMSIS Pack Vendor :SEGGER I-CUBE-embOS 1.2.0
2022-09-22 08:33:11,761 [INFO] ThirdParty:967 - CMSIS Pack Vendor :STMicroelectronics X-CUBE-EEPRMA1 3.1.1
2022-09-22 08:33:11,761 [INFO] ThirdParty:967 - CMSIS Pack Vendor :STMicroelectronics ThreadX 0.0.2
2022-09-22 08:33:11,761 [INFO] ThirdParty:967 - CMSIS Pack Vendor :STMicroelectronics lwIP 2.0.3
2022-09-22 08:33:11,761 [INFO] ThirdParty:967 - CMSIS Pack Vendor :STMicroelectronics lwIP 2.1.2
2022-09-22 08:33:11,761 [INFO] ThirdParty:967 - CMSIS Pack Vendor :STMicroelectronics X-CUBE-SFXS2LP1 4.0.0
2022-09-22 08:33:11,761 [INFO] ThirdParty:967 - CMSIS Pack Vendor :STMicroelectronics X-CUBE-BLE2 3.3.0
2022-09-22 08:33:11,761 [INFO] ThirdParty:967 - CMSIS Pack Vendor :STMicroelectronics X-CUBE-NFC4 2.0.4
2022-09-22 08:33:11,761 [INFO] ThirdParty:967 - CMSIS Pack Vendor :STMicroelectronics USB_HOST 1.0.0
2022-09-22 08:33:11,761 [INFO] ThirdParty:967 - CMSIS Pack Vendor :STMicroelectronics X-CUBE-DISPLAY 2.2.0
2022-09-22 08:33:11,761 [INFO] ThirdParty:967 - CMSIS Pack Vendor :STMicroelectronics PDM2PCM 3.1.0
2022-09-22 08:33:11,762 [INFO] ThirdParty:967 - CMSIS Pack Vendor :STMicroelectronics FP-ATR-ASTRA1 1.1.1
2022-09-22 08:33:11,762 [INFO] ThirdParty:967 - CMSIS Pack Vendor :STMicroelectronics PDM2PCM 3.2.0
2022-09-22 08:33:11,762 [INFO] ThirdParty:967 - CMSIS Pack Vendor :STMicroelectronics PDM2PCM 3.3.0
2022-09-22 08:33:11,762 [INFO] ThirdParty:967 - CMSIS Pack Vendor :STMicroelectronics X-CUBE-TOF1 3.1.0
2022-09-22 08:33:11,762 [INFO] ThirdParty:967 - CMSIS Pack Vendor :STMicroelectronics X-CUBE-ISPU 1.0.0
2022-09-22 08:33:11,762 [INFO] ThirdParty:787 - exiting critical section [change project]
2022-09-22 08:33:12,040 [INFO] PinOutPanel:1463 - setPackage(No Configuration,No Configuration)
2022-09-22 08:33:12,041 [INFO] PinOutPanel:1463 - setPackage(STM32F103C6Ux,UFQFPN48)
2022-09-22 08:33:12,408 [INFO] UtilMem:74 - Before build in PCC Used Memory: 671256000 Bytes (880803840)
2022-09-22 08:33:12,998 [INFO] UtilMem:74 - After build in PCC Used Memory: 679388928 Bytes (880803840)
2022-09-22 08:33:13,018 [INFO] IPUIPlugin:74 - create IPUIPlugin
2022-09-22 08:33:13,018 [INFO] IPUIPlugin:74 - create IPUIPlugin
2022-09-22 08:33:13,018 [INFO] IPUIPlugin:74 - create IPUIPlugin
2022-09-22 08:33:13,018 [INFO] IPUIPlugin:74 - create IPUIPlugin
2022-09-22 08:33:13,018 [INFO] IPUIPlugin:74 - create IPUIPlugin
2022-09-22 08:33:13,018 [INFO] IPUIPlugin:74 - create IPUIPlugin
2022-09-22 08:33:13,018 [INFO] IPUIPlugin:74 - create IPUIPlugin
2022-09-22 08:33:13,019 [INFO] IPUIPlugin:74 - create IPUIPlugin
2022-09-22 08:33:13,019 [INFO] IPUIPlugin:74 - create IPUIPlugin
2022-09-22 08:33:13,019 [INFO] IPUIPlugin:74 - create IPUIPlugin
2022-09-22 08:33:13,019 [INFO] IPUIPlugin:74 - create IPUIPlugin
2022-09-22 08:33:13,019 [INFO] IPUIPlugin:74 - create IPUIPlugin
2022-09-22 08:33:13,020 [INFO] IPUIPlugin:74 - create IPUIPlugin
2022-09-22 08:33:13,020 [INFO] IPUIPlugin:74 - create IPUIPlugin
2022-09-22 08:33:13,020 [INFO] IPUIPlugin:74 - create IPUIPlugin
2022-09-22 08:33:13,020 [INFO] IPUIPlugin:74 - create IPUIPlugin
2022-09-22 08:33:13,021 [INFO] IPUIPlugin:74 - create IPUIPlugin
2022-09-22 08:33:13,021 [INFO] IPUIPlugin:74 - create IPUIPlugin
2022-09-22 08:33:13,021 [INFO] IPUIPlugin:74 - create IPUIPlugin
2022-09-22 08:33:13,021 [INFO] IPUIPlugin:74 - create IPUIPlugin
2022-09-22 08:33:13,022 [INFO] IPUIPlugin:74 - create IPUIPlugin
2022-09-22 08:33:13,022 [INFO] IPUIPlugin:74 - create IPUIPlugin
2022-09-22 08:33:13,022 [INFO] IPUIPlugin:74 - create IPUIPlugin
2022-09-22 08:33:13,148 [INFO] OpenFileManager:333 - Restore cursor
2022-09-22 08:33:53,387 [INFO] UtilMem:74 - End SaveConfig() Used Memory: 660818984 Bytes (880803840)
2022-09-22 08:33:54,595 [INFO] UtilMem:74 - End SaveConfig() Used Memory: 682797272 Bytes (880803840)
2022-09-22 08:33:56,183 [INFO] UtilMem:74 - End SaveConfig() Used Memory: 636187136 Bytes (880803840)
2022-09-22 08:33:56,534 [INFO] BlockDiagram:2740 - set Specific Code input for plugin: NVIC
2022-09-22 08:33:56,534 [INFO] BlockDiagram:2740 - set Specific Code input for plugin: SYS
2022-09-22 08:33:56,535 [INFO] BlockDiagram:2740 - set Specific Code input for plugin: GPIO
2022-09-22 08:33:56,535 [INFO] BlockDiagram:2740 - set Specific Code input for plugin: RCC
2022-09-22 08:33:56,535 [INFO] CodeGenerator:663 - code generatio: config db path: D:\ST\STM32CubeIDE_1.7.0\STM32CubeIDE\plugins\com.st.stm32cube.common.mx_6.3.0.202107141111\\db\
2022-09-22 08:33:56,837 [INFO] CodeEngine:239 - oldGeneratedFile, D:\vxl-vdk\lab1\Led_Animation\MXTmpFiles\license.tmp_save
2022-09-22 08:33:57,119 [INFO] CodeEngine:257 - Generated code: D:\vxl-vdk\lab1\Led_Animation\MXTmpFiles\license.tmp
2022-09-22 08:33:57,228 [INFO] CodeEngine:239 - oldGeneratedFile, D:\vxl-vdk\lab1\Led_Animation\MXTmpFiles\gpio.tmp_save
2022-09-22 08:33:57,311 [INFO] CodeEngine:257 - Generated code: D:\vxl-vdk\lab1\Led_Animation\MXTmpFiles\gpio.tmp
2022-09-22 08:33:57,344 [INFO] CodeEngine:239 - oldGeneratedFile, D:\vxl-vdk\lab1\Led_Animation\Core\Src\stm32f1xx_it.c_save
2022-09-22 08:33:57,471 [INFO] CodeEngine:257 - Generated code: D:\vxl-vdk\lab1\Led_Animation\Core\Src\stm32f1xx_it.c
2022-09-22 08:33:57,477 [INFO] CodeEngine:239 - oldGeneratedFile, D:\vxl-vdk\lab1\Led_Animation\Core\Inc\stm32f1xx_it.h_save
2022-09-22 08:33:57,531 [INFO] CodeEngine:257 - Generated code: D:\vxl-vdk\lab1\Led_Animation\Core\Inc\stm32f1xx_it.h
2022-09-22 08:33:57,544 [INFO] CodeEngine:239 - oldGeneratedFile, D:\vxl-vdk\lab1\Led_Animation\Core\Src\stm32f1xx_hal_msp.c_save
2022-09-22 08:33:57,640 [INFO] CodeEngine:257 - Generated code: D:\vxl-vdk\lab1\Led_Animation\Core\Src\stm32f1xx_hal_msp.c
2022-09-22 08:33:57,644 [INFO] CodeEngine:239 - oldGeneratedFile, D:\vxl-vdk\lab1\Led_Animation\MXTmpFiles\system.tmp_save
2022-09-22 08:33:57,696 [INFO] CodeEngine:257 - Generated code: D:\vxl-vdk\lab1\Led_Animation\MXTmpFiles\system.tmp
2022-09-22 08:33:57,706 [INFO] CodeEngine:239 - oldGeneratedFile, D:\vxl-vdk\lab1\Led_Animation\Core\Inc\stm32f1xx_hal_conf.h_save
2022-09-22 08:33:57,781 [INFO] CodeEngine:257 - Generated code: D:\vxl-vdk\lab1\Led_Animation\Core\Inc\stm32f1xx_hal_conf.h
2022-09-22 08:33:57,822 [INFO] CodeEngine:239 - oldGeneratedFile, D:\vxl-vdk\lab1\Led_Animation\Core\Inc\main.h_save
2022-09-22 08:33:57,899 [INFO] CodeEngine:257 - Generated code: D:\vxl-vdk\lab1\Led_Animation\Core\Inc\main.h
2022-09-22 08:33:57,905 [INFO] CodeEngine:239 - oldGeneratedFile, D:\vxl-vdk\lab1\Led_Animation\Core\Src\main.c_save
2022-09-22 08:33:58,041 [INFO] CodeEngine:257 - Generated code: D:\vxl-vdk\lab1\Led_Animation\Core\Src\main.c
2022-09-22 08:33:58,879 [INFO] ProjectBuilder:2578 - Time for Copy HAL[1] : 82mS.
2022-09-22 08:33:58,897 [INFO] ProjectBuilder:3622 - Project Generator version: 3.14.1
2022-09-22 08:33:59,368 [INFO] ConfigFileManager:1271 - The Die is : DIE412
2022-09-22 08:33:59,381 [INFO] ApiDbMcu:468 - Load IP Config File for FATFS
2022-09-22 08:33:59,407 [INFO] ApiDbMcu:468 - Load IP Config File for FREERTOS
2022-09-22 08:33:59,429 [INFO] ApiDbMcu:468 - Load IP Config File for USB_DEVICE
2022-09-22 08:34:01,427 [INFO] ProjectBuilder:3789 - Time for Generating toolchain IDE Files: 2530mS.
2022-09-22 08:34:01,428 [INFO] ProjectBuilder:2457 - Time for Copy CMSIS : 1mS.
2022-09-22 08:34:01,433 [INFO] ProjectBuilder:2457 - Time for Copy CMSIS : 1mS.
2022-09-22 08:45:27,566 [INFO] Pin:2088 - value.trim() 7SEG_
2022-09-22 08:45:27,566 [INFO] Pin:2089 - Pin value PB0
2022-09-22 08:46:36,217 [INFO] UtilMem:74 - End SaveConfig() Used Memory: 892278464 Bytes (1033895936)
2022-09-22 08:46:37,403 [INFO] UtilMem:74 - End SaveConfig() Used Memory: 913252032 Bytes (1033895936)
2022-09-22 08:46:38,489 [INFO] UtilMem:74 - End SaveConfig() Used Memory: 704558792 Bytes (1033895936)
2022-09-22 08:46:38,702 [INFO] BlockDiagram:2740 - set Specific Code input for plugin: NVIC
2022-09-22 08:46:38,702 [INFO] BlockDiagram:2740 - set Specific Code input for plugin: SYS
2022-09-22 08:46:38,702 [INFO] BlockDiagram:2740 - set Specific Code input for plugin: GPIO
2022-09-22 08:46:38,702 [INFO] BlockDiagram:2740 - set Specific Code input for plugin: RCC
2022-09-22 08:46:38,703 [INFO] CodeGenerator:663 - code generatio: config db path: D:\ST\STM32CubeIDE_1.7.0\STM32CubeIDE\plugins\com.st.stm32cube.common.mx_6.3.0.202107141111\\db\
2022-09-22 08:46:38,923 [INFO] CodeEngine:239 - oldGeneratedFile, D:\vxl-vdk\lab1\Led_Animation\MXTmpFiles\license.tmp_save
2022-09-22 08:46:38,968 [INFO] CodeEngine:257 - Generated code: D:\vxl-vdk\lab1\Led_Animation\MXTmpFiles\license.tmp
2022-09-22 08:46:38,995 [INFO] CodeEngine:239 - oldGeneratedFile, D:\vxl-vdk\lab1\Led_Animation\MXTmpFiles\gpio.tmp_save
2022-09-22 08:46:39,046 [INFO] CodeEngine:257 - Generated code: D:\vxl-vdk\lab1\Led_Animation\MXTmpFiles\gpio.tmp
2022-09-22 08:46:39,074 [INFO] CodeEngine:239 - oldGeneratedFile, D:\vxl-vdk\lab1\Led_Animation\Core\Src\stm32f1xx_it.c_save
2022-09-22 08:46:39,223 [INFO] CodeEngine:257 - Generated code: D:\vxl-vdk\lab1\Led_Animation\Core\Src\stm32f1xx_it.c
2022-09-22 08:46:39,229 [INFO] CodeEngine:239 - oldGeneratedFile, D:\vxl-vdk\lab1\Led_Animation\Core\Inc\stm32f1xx_it.h_save
2022-09-22 08:46:39,289 [INFO] CodeEngine:257 - Generated code: D:\vxl-vdk\lab1\Led_Animation\Core\Inc\stm32f1xx_it.h
2022-09-22 08:46:39,301 [INFO] CodeEngine:239 - oldGeneratedFile, D:\vxl-vdk\lab1\Led_Animation\Core\Src\stm32f1xx_hal_msp.c_save
2022-09-22 08:46:39,381 [INFO] CodeEngine:257 - Generated code: D:\vxl-vdk\lab1\Led_Animation\Core\Src\stm32f1xx_hal_msp.c
2022-09-22 08:46:39,386 [INFO] CodeEngine:239 - oldGeneratedFile, D:\vxl-vdk\lab1\Led_Animation\MXTmpFiles\system.tmp_save
2022-09-22 08:46:39,432 [INFO] CodeEngine:257 - Generated code: D:\vxl-vdk\lab1\Led_Animation\MXTmpFiles\system.tmp
2022-09-22 08:46:39,442 [INFO] CodeEngine:239 - oldGeneratedFile, D:\vxl-vdk\lab1\Led_Animation\Core\Inc\stm32f1xx_hal_conf.h_save
2022-09-22 08:46:39,502 [INFO] CodeEngine:257 - Generated code: D:\vxl-vdk\lab1\Led_Animation\Core\Inc\stm32f1xx_hal_conf.h
2022-09-22 08:46:39,522 [INFO] CodeEngine:239 - oldGeneratedFile, D:\vxl-vdk\lab1\Led_Animation\Core\Inc\main.h_save
2022-09-22 08:46:39,603 [INFO] CodeEngine:257 - Generated code: D:\vxl-vdk\lab1\Led_Animation\Core\Inc\main.h
2022-09-22 08:46:39,610 [INFO] CodeEngine:239 - oldGeneratedFile, D:\vxl-vdk\lab1\Led_Animation\Core\Src\main.c_save
2022-09-22 08:46:39,705 [INFO] CodeEngine:257 - Generated code: D:\vxl-vdk\lab1\Led_Animation\Core\Src\main.c
2022-09-22 08:46:40,484 [INFO] ProjectBuilder:2578 - Time for Copy HAL[1] : 106mS.
2022-09-22 08:46:40,489 [INFO] ProjectBuilder:3622 - Project Generator version: 3.14.1
2022-09-22 08:46:40,964 [INFO] ConfigFileManager:1271 - The Die is : DIE412
2022-09-22 08:46:42,563 [INFO] ProjectBuilder:3789 - Time for Generating toolchain IDE Files: 2074mS.
2022-09-22 08:46:42,564 [INFO] ProjectBuilder:2457 - Time for Copy CMSIS : 1mS.
2022-09-22 08:46:42,569 [INFO] ProjectBuilder:2457 - Time for Copy CMSIS : 0mS.
